<?xml version="1.0" encoding="UTF-8"?>
<!-- Generated by org.testng.reporters.JUnitReportReporter -->
<testsuite hostname="DESKTOP-KKM31VS" failures="0" tests="4" name="runner.TestRunner" time="23.478" errors="0" timestamp="2024-02-05T14:30:59 EET" skipped="0">
  <testcase classname="runner.TestRunner" name="runScenario" time="5.550"/>
  <system-out/>
  <testcase classname="runner.TestRunner" name="runScenario" time="6.916"/>
  <system-out/>
  <testcase classname="runner.TestRunner" name="runScenario" time="5.535"/>
  <system-out/>
  <testcase classname="runner.TestRunner" name="runScenario" time="5.477"/>
  <system-out/>
</testsuite> <!-- runner.TestRunner -->
